<?xml version="1.0" encoding="UTF-8"?>
<!-- Generated by org.testng.reporters.JUnitXMLReporter -->
<testsuite hostname="DESKTOP-2RU3L8F" ignored="0" name="Test" tests="3" failures="0" timestamp="31 Mar 2019 00:24:15 GMT" time="31.983" errors="0">
  <testcase name="getScreenshot" time="11.633" classname="com.project.MavenPro.CaptureScreenshot"/>
  <testcase name="ChangeDDValues" time="15.368" classname="com.project.MavenPro.ChangeDropDownValues"/>
  <testcase name="HandlingFrames" time="4.956" classname="com.project.MavenPro.Drag_Drop_HandlingFrames"/>
</testsuite> <!-- Test -->
