<?xml version="1.0" encoding="UTF-8"?>
<testng-results skipped="0" failed="0" ignored="0" total="1" passed="1">
  <reporter-output>
  </reporter-output>
  <suite name="Default suite" duration-ms="656" started-at="2019-03-18T01:55:02Z" finished-at="2019-03-18T01:55:02Z">
    <groups>
    </groups>
    <test name="Default test" duration-ms="656" started-at="2019-03-18T01:55:02Z" finished-at="2019-03-18T01:55:02Z">
      <class name="com.project.MavenPro.MySql_DataRetrieval_Test">
        <test-method status="PASS" signature="MySqlDBTest()[pri:0, instance:com.project.MavenPro.MySql_DataRetrieval_Test@27efef64]" name="MySqlDBTest" duration-ms="611" started-at="2019-03-17T21:55:02Z" finished-at="2019-03-17T21:55:02Z">
          <reporter-output>
          </reporter-output>
        </test-method> <!-- MySqlDBTest -->
      </class> <!-- com.project.MavenPro.MySql_DataRetrieval_Test -->
    </test> <!-- Default test -->
  </suite> <!-- Default suite -->
</testng-results>
